Build started 2017-07-29 16:57:34.
     1>Project "C:\Users\kfigon\Desktop\uczelnia\mgr\repoMgr\again\Magisterka\viterbiSim\viterbiSim.vcxproj" on node 3 (Build target(s)).
     1>ClCompile:
         C:\Program Files (x86)\Microsoft Visual Studio 12.0\VC\bin\CL.exe /c /Zi /nologo /W3 /WX- /sdl /O2 /Oi /Oy- /GL /D _MBCS /Gm- /EHsc /MD /GS /Gy /fp:precise /Zc:wchar_t /Zc:forScope /Fo"Release\\" /Fd"Release\vc120.pdb" /Gd /TP /analyze- /errorReport:prompt verify_viterbi.cpp
         verify_viterbi.cpp
     1>c:\users\kfigon\desktop\uczelnia\mgr\repomgr\again\magisterka\viterbisim\verify_viterbi.h(77): error C3861: 'random': identifier not found
     1>c:\users\kfigon\desktop\uczelnia\mgr\repomgr\again\magisterka\viterbisim\verify_viterbi.h(78): error C3861: 'random': identifier not found
     1>c:\users\kfigon\desktop\uczelnia\mgr\repomgr\again\magisterka\viterbisim\verify_viterbi.h(90): warning C4244: '=' : conversion from 'double' to 'int', possible loss of data
     1>verify_viterbi.cpp(31): error C2146: syntax error : missing ';' before identifier '__attribute__'
     1>verify_viterbi.cpp(31): error C3861: 'aligned': identifier not found
     1>verify_viterbi.cpp(31): error C4430: missing type specifier - int assumed. Note: C++ does not support default-int
     1>verify_viterbi.cpp(35): error C2146: syntax error : missing ';' before identifier '__attribute__'
     1>verify_viterbi.cpp(35): error C3861: 'aligned': identifier not found
     1>verify_viterbi.cpp(35): error C4430: missing type specifier - int assumed. Note: C++ does not support default-int
     1>verify_viterbi.cpp(35): error C2374: '__attribute__' : redefinition; multiple initialization
                 verify_viterbi.cpp(31) : see declaration of '__attribute__'
     1>verify_viterbi.cpp(48): error C2146: syntax error : missing ';' before identifier '__attribute__'
     1>verify_viterbi.cpp(48): error C3861: 'aligned': identifier not found
     1>verify_viterbi.cpp(48): error C4430: missing type specifier - int assumed. Note: C++ does not support default-int
     1>verify_viterbi.cpp(48): error C2374: '__attribute__' : redefinition; multiple initialization
                 verify_viterbi.cpp(31) : see declaration of '__attribute__'
     1>verify_viterbi.cpp(53): error C2059: syntax error : '('
     1>verify_viterbi.cpp(53): error C4430: missing type specifier - int assumed. Note: C++ does not support default-int
     1>verify_viterbi.cpp(53): error C2059: syntax error : ')'
     1>verify_viterbi.cpp(53): error C2143: syntax error : missing ';' before ')'
     1>verify_viterbi.cpp(53): warning C4183: '__attribute__': missing return type; assumed to be a member function returning 'int'
     1>verify_viterbi.cpp(53): error C2238: unexpected token(s) preceding ';'
     1>verify_viterbi.cpp(54): error C2059: syntax error : '('
     1>verify_viterbi.cpp(54): error C4430: missing type specifier - int assumed. Note: C++ does not support default-int
     1>verify_viterbi.cpp(54): error C2535: 'int v::__attribute__(void)' : member function already defined or declared
                 verify_viterbi.cpp(53) : see declaration of 'v::__attribute__'
     1>verify_viterbi.cpp(54): error C2059: syntax error : ')'
     1>verify_viterbi.cpp(54): error C2143: syntax error : missing ';' before ')'
     1>verify_viterbi.cpp(54): warning C4183: '__attribute__': missing return type; assumed to be a member function returning 'int'
     1>verify_viterbi.cpp(54): error C2238: unexpected token(s) preceding ';'
     1>verify_viterbi.cpp(61): error C2440: 'initializing' : cannot convert from 'void *' to 'v *'
                 Conversion from 'void*' to pointer to non-'void' requires an explicit cast
     1>verify_viterbi.cpp(67): error C2039: 'metrics1' : is not a member of 'v'
                 verify_viterbi.cpp(52) : see declaration of 'v'
     1>verify_viterbi.cpp(67): error C2228: left of '.t' must have class/struct/union
     1>verify_viterbi.cpp(69): error C2039: 'metrics1' : is not a member of 'v'
                 verify_viterbi.cpp(52) : see declaration of 'v'
     1>verify_viterbi.cpp(70): error C2039: 'metrics2' : is not a member of 'v'
                 verify_viterbi.cpp(52) : see declaration of 'v'
     1>verify_viterbi.cpp(112): error C2440: 'initializing' : cannot convert from 'void *' to 'v *'
                 Conversion from 'void*' to pointer to non-'void' requires an explicit cast
     1>verify_viterbi.cpp(152): error C2440: 'initializing' : cannot convert from 'void *' to 'v *'
                 Conversion from 'void*' to pointer to non-'void' requires an explicit cast
     1>verify_viterbi.cpp(194): error C2440: 'initializing' : cannot convert from 'void *' to 'v *'
                 Conversion from 'void*' to pointer to non-'void' requires an explicit cast
     1>verify_viterbi.cpp(231): error C2440: '=' : cannot convert from 'void *' to 'metric_t *'
                 Conversion from 'void*' to pointer to non-'void' requires an explicit cast
     1>verify_viterbi.cpp(241): error C2440: 'initializing' : cannot convert from 'void *' to 'v *'
                 Conversion from 'void*' to pointer to non-'void' requires an explicit cast
     1>verify_viterbi.cpp(271): error C2079: 'start' uses undefined struct 'main::rusage'
     1>verify_viterbi.cpp(271): error C2079: 'finish' uses undefined struct 'main::rusage'
     1>verify_viterbi.cpp(298): error C2440: '=' : cannot convert from 'void *' to 'v *'
                 Conversion from 'void*' to pointer to non-'void' requires an explicit cast
     1>verify_viterbi.cpp(334): error C3861: 'srandom': identifier not found
     1>verify_viterbi.cpp(339): error C3861: 'random': identifier not found
     1>verify_viterbi.cpp(383): error C3861: 'srandom': identifier not found
     1>verify_viterbi.cpp(388): error C3861: 'random': identifier not found
     1>verify_viterbi.cpp(442): error C2065: 'RUSAGE_SELF' : undeclared identifier
     1>verify_viterbi.cpp(442): error C3861: 'getrusage': identifier not found
     1>verify_viterbi.cpp(453): error C2065: 'RUSAGE_SELF' : undeclared identifier
     1>verify_viterbi.cpp(453): error C3861: 'getrusage': identifier not found
     1>verify_viterbi.cpp(454): error C2228: left of '.ru_utime' must have class/struct/union
                 type is 'int'
     1>verify_viterbi.cpp(454): error C2228: left of '.tv_sec' must have class/struct/union
     1>verify_viterbi.cpp(454): error C2228: left of '.tv_usec' must have class/struct/union
     1>Done Building Project "C:\Users\kfigon\Desktop\uczelnia\mgr\repoMgr\again\Magisterka\viterbiSim\viterbiSim.vcxproj" (Build target(s)) -- FAILED.

Build FAILED.

Time Elapsed 00:00:00.54
